<?xml version="1.0" encoding="UTF-8"?>
<!-- Generated by org.testng.reporters.JUnitReportReporter -->
<testsuite hostname="LTIN504051" failures="0" tests="1" name="HandlingAlerts.NormalAlert" time="8.125" errors="0" timestamp="2024-10-19T23:16:38 IST" skipped="0">
  <testcase classname="HandlingAlerts.NormalAlert" name="handlingAlert" time="8.125"/>
</testsuite> <!-- HandlingAlerts.NormalAlert -->
