<?xml version="1.0" encoding="UTF-8"?>
<!-- Generated by org.testng.reporters.JUnitReportReporter -->
<testsuite hostname="LTIN504051" failures="0" tests="1" name="Dropdowns.SelectDropDowns" time="11.134" errors="0" timestamp="2024-10-05T21:09:05 IST" skipped="0">
  <testcase classname="Dropdowns.SelectDropDowns" name="selectDropDowns" time="11.134"/>
</testsuite> <!-- Dropdowns.SelectDropDowns -->
