<?xml version="1.0" encoding="UTF-8"?>
<!-- Generated by org.testng.reporters.JUnitReportReporter -->
<testsuite hostname="LTIN504051" failures="0" tests="2" name="TestNG.ClassAnnotation" time="0.002" errors="0" timestamp="2024-10-22T00:02:03 IST" skipped="0">
  <testcase classname="TestNG.ClassAnnotation" name="search" time="0.001"/>
  <testcase classname="TestNG.ClassAnnotation" name="advanceSearch" time="0.001"/>
</testsuite> <!-- TestNG.ClassAnnotation -->
