<?xml version="1.0" encoding="UTF-8"?>
<!-- Generated by org.testng.reporters.JUnitReportReporter -->
<testsuite hostname="LTIN504051" failures="0" tests="2" name="TestNG.MethodAnnotation" time="0.016" errors="0" timestamp="2024-09-15T20:56:31 IST" skipped="0">
  <testcase classname="TestNG.MethodAnnotation" name="search" time="0.005"/>
  <testcase classname="TestNG.MethodAnnotation" name="advanceSearch" time="0.011"/>
</testsuite> <!-- TestNG.MethodAnnotation -->
