<?xml version="1.0" encoding="UTF-8"?>
<!-- Generated by org.testng.reporters.JUnitReportReporter -->
<testsuite hostname="LTIN504051" failures="0" tests="1" name="Dropdowns.BoosTrapDropDown" time="8.180" errors="0" timestamp="2024-10-05T22:31:02 IST" skipped="0">
  <testcase classname="Dropdowns.BoosTrapDropDown" name="BoosTrapDropDown" time="8.180"/>
</testsuite> <!-- Dropdowns.BoosTrapDropDown -->
