<?xml version="1.0" encoding="UTF-8"?>
<!-- Generated by org.testng.reporters.JUnitReportReporter -->
<testsuite hostname="LTIN504051" failures="0" tests="1" name="WindowNavigations.Navigations" time="18.108" errors="0" timestamp="2024-11-03T19:06:53 IST" skipped="0">
  <testcase classname="WindowNavigations.Navigations" name="windowNavigation" time="18.108"/>
</testsuite> <!-- WindowNavigations.Navigations -->
