<?xml version="1.0" encoding="UTF-8"?>
<!-- Generated by org.testng.reporters.JUnitReportReporter -->
<testsuite hostname="LTIN504051" failures="0" tests="2" name="TestNG.xmlAnnotations2" time="0.004" errors="0" timestamp="2024-09-15T22:03:09 IST" skipped="0">
  <testcase classname="TestNG.xmlAnnotations2" name="advanceSearch" time="0.002"/>
  <testcase classname="TestNG.xmlAnnotations2" name="advanceSearch" time="0.002"/>
</testsuite> <!-- TestNG.xmlAnnotations2 -->
