<?xml version="1.0" encoding="UTF-8"?>
<!-- Generated by org.testng.reporters.JUnitReportReporter -->
<testsuite hostname="LTIN504051" failures="0" tests="1" name="ReadDataFromTable.DynamicTable" time="13.770" errors="0" timestamp="2024-10-08T22:59:24 IST" skipped="0">
  <testcase classname="ReadDataFromTable.DynamicTable" name="dynamictable" time="13.770"/>
</testsuite> <!-- ReadDataFromTable.DynamicTable -->
