<?xml version="1.0" encoding="UTF-8"?>
<!-- Generated by org.testng.reporters.JUnitReportReporter -->
<testsuite hostname="LTIN504051" failures="0" tests="1" name="parameterization.DataProvider_Annotation" time="1.942" errors="0" timestamp="2024-09-18T23:12:21 IST" skipped="0">
  <testcase classname="parameterization.DataProvider_Annotation" name="login" time="1.942"/>
</testsuite> <!-- parameterization.DataProvider_Annotation -->
