<?xml version="1.0" encoding="UTF-8"?>
<!-- Generated by org.testng.reporters.JUnitReportReporter -->
<testsuite hostname="LTIN504051" failures="0" tests="2" name="TestNG.AllAnnotations" time="0.008" errors="0" timestamp="2024-09-15T22:09:11 IST" skipped="0">
  <testcase classname="TestNG.AllAnnotations" name="search" time="0.006"/>
  <testcase classname="TestNG.AllAnnotations" name="advanceSearch" time="0.002"/>
</testsuite> <!-- TestNG.AllAnnotations -->
