<?xml version="1.0" encoding="UTF-8"?>
<!-- Generated by org.testng.reporters.JUnitReportReporter -->
<testsuite hostname="LTIN504051" failures="0" tests="2" name="TestNG.ClassAnnotation" time="0.009" errors="0" timestamp="2024-09-15T20:58:09 IST" skipped="0">
  <testcase classname="TestNG.ClassAnnotation" name="search" time="0.006"/>
  <testcase classname="TestNG.ClassAnnotation" name="advanceSearch" time="0.003"/>
</testsuite> <!-- TestNG.ClassAnnotation -->
