<?xml version="1.0" encoding="UTF-8"?>
<!-- Generated by org.testng.reporters.JUnitReportReporter -->
<testsuite hostname="LTIN504051" failures="0" tests="1" name="Exceptions.ExceptionHandling" time="0.028" errors="0" timestamp="2024-10-23T23:02:18 IST" skipped="0">
  <testcase classname="Exceptions.ExceptionHandling" name="exception" time="0.028"/>
</testsuite> <!-- Exceptions.ExceptionHandling -->
