<?xml version="1.0" encoding="UTF-8"?>
<!-- Generated by org.testng.reporters.JUnitReportReporter -->
<testsuite hostname="LTIN504051" failures="0" tests="1" name="Frames.frames_Iframes" time="10.787" errors="0" timestamp="2024-10-19T22:31:43 IST" skipped="0">
  <testcase classname="Frames.frames_Iframes" name="switchToFrames" time="10.787"/>
</testsuite> <!-- Frames.frames_Iframes -->
