<?xml version="1.0" encoding="UTF-8"?>
<!-- Generated by org.testng.reporters.JUnitReportReporter -->
<testsuite hostname="LTIN504051" failures="0" tests="1" name="HandlingAlerts.AuthenicationPopUp" time="11.070" errors="0" timestamp="2024-10-19T23:54:53 IST" skipped="0">
  <testcase classname="HandlingAlerts.AuthenicationPopUp" name="authenticationPopup" time="11.070"/>
</testsuite> <!-- HandlingAlerts.AuthenicationPopUp -->
