<?xml version="1.0" encoding="UTF-8"?>
<!-- Generated by org.testng.reporters.JUnitReportReporter -->
<testsuite hostname="LTIN504051" failures="0" tests="1" name="PageObjectModel.logInTest" time="1.641" errors="0" timestamp="2024-09-23T23:01:48 IST" skipped="0">
  <testcase classname="PageObjectModel.logInTest" name="testLogIn" time="1.641"/>
</testsuite> <!-- PageObjectModel.logInTest -->
