<?xml version="1.0" encoding="UTF-8"?>
<!-- Generated by org.testng.reporters.JUnitReportReporter -->
<testsuite hostname="LTIN504051" failures="0" tests="1" name="ReadDataFromTable.DynamicTableandStaleEleExep" time="10.324" errors="0" timestamp="2024-10-20T18:48:22 IST" skipped="0">
  <testcase classname="ReadDataFromTable.DynamicTableandStaleEleExep" name="dynamictable" time="10.324"/>
</testsuite> <!-- ReadDataFromTable.DynamicTableandStaleEleExep -->
