<?xml version="1.0" encoding="UTF-8"?>
<!-- Generated by org.testng.reporters.JUnitReportReporter -->
<testsuite hostname="LTIN504051" failures="0" tests="1" name="HandlingAlerts.Alerts" time="13.457" errors="0" timestamp="2024-10-19T23:44:28 IST" skipped="0">
  <testcase classname="HandlingAlerts.Alerts" name="handlingAlerts" time="13.457"/>
</testsuite> <!-- HandlingAlerts.Alerts -->
