<?xml version="1.0" encoding="UTF-8"?>
<!-- Generated by org.testng.reporters.JUnitReportReporter -->
<testsuite hostname="LTIN504051" failures="0" tests="1" name="ReadDataFromTable.LeastValueFromTable" time="7.329" errors="0" timestamp="2024-10-07T23:08:29 IST" skipped="0">
  <testcase classname="ReadDataFromTable.LeastValueFromTable" name="leastvaluefromtable" time="7.329"/>
</testsuite> <!-- ReadDataFromTable.LeastValueFromTable -->
