<?xml version="1.0" encoding="UTF-8"?>
<!-- Generated by org.testng.reporters.JUnitReportReporter -->
<testsuite hostname="LTIN504051" failures="0" tests="1" name="ReadDataFromTable.StaticTable" time="12.134" errors="0" timestamp="2024-10-06T23:44:46 IST" skipped="0">
  <testcase classname="ReadDataFromTable.StaticTable" name="statictable" time="12.134"/>
</testsuite> <!-- ReadDataFromTable.StaticTable -->
